<?xml version="1.0" encoding="UTF-8"?>
<!-- Generated by org.testng.reporters.JUnitReportReporter -->
<testsuite hostname="DESKTOP-D7J7JNH" failures="0" tests="1" name="com.TestNG_Example.Excel_WD_testNG" time="21.476" errors="0" timestamp="21 Jun 2021 12:01:15 GMT">
  <testcase classname="com.TestNG_Example.Excel_WD_testNG" name="tc001" time="21.476"/>
</testsuite> <!-- com.TestNG_Example.Excel_WD_testNG -->
