<?xml version="1.0" encoding="UTF-8"?>
<!-- Generated by org.testng.reporters.JUnitReportReporter -->
<testsuite hostname="DESKTOP-D7J7JNH" failures="0" tests="2" name="com.TestNG_Example.testNG_annotations" time="0.004" errors="0" timestamp="21 Jun 2021 12:01:15 GMT">
  <testcase classname="com.TestNG_Example.testNG_annotations" name="addemp" time="0.002"/>
  <testcase classname="com.TestNG_Example.testNG_annotations" name="delemp" time="0.002"/>
</testsuite> <!-- com.TestNG_Example.testNG_annotations -->
