<?xml version="1.0" encoding="UTF-8"?>
<!-- Generated by org.testng.reporters.JUnitReportReporter -->
<testsuite hostname="DESKTOP-D7J7JNH" failures="0" tests="2" name="com.TestNG_Example.WD_TestNG" time="14.880" errors="0" timestamp="21 Jun 2021 12:01:15 GMT">
  <testcase classname="com.TestNG_Example.WD_TestNG" name="logout" time="4.087"/>
  <testcase classname="com.TestNG_Example.WD_TestNG" name="tc001" time="10.793"/>
</testsuite> <!-- com.TestNG_Example.WD_TestNG -->
