<?xml version="1.0" encoding="UTF-8"?>
<!-- Generated by org.testng.reporters.JUnitReportReporter -->
<testsuite hostname="DESKTOP-D7J7JNH" failures="0" tests="1" name="com.TestNG_Example.Drag_andDrop_testNG" time="18.006" errors="0" timestamp="21 Jun 2021 12:01:15 GMT">
  <testcase classname="com.TestNG_Example.Drag_andDrop_testNG" name="Drag_n_Drop" time="18.006"/>
</testsuite> <!-- com.TestNG_Example.Drag_andDrop_testNG -->
